{"event": "{\"event\": \"DEV MODE: Bypassing authentication via Dev Login button\", \"logger\": \"silvasonic_dashboard.routers.auth\", \"level\": \"warning\", \"timestamp\": \"2026-01-29T19:00:20.281891Z\"}", "level": "warning", "logger": "silvasonic_dashboard.routers.auth", "timestamp": "2026-01-29T19:00:20.282010Z"}
{"event": "HTTP Request: POST http://testserver/auth/dev-login \"HTTP/1.1 302 Found\"", "level": "info", "logger": "httpx", "timestamp": "2026-01-29T19:00:20.282744Z"}
{"event": "Error getting Disk stats: [Errno 2] No such file or directory: '/data/recording'", "level": "error", "logger": "Dashboard.Services", "timestamp": "2026-01-29T19:00:20.287034Z", "exception": "Traceback (most recent call last):\n  File \"/mnt/data/dev/packages/silvasonic/containers/dashboard/src/silvasonic_dashboard/services/system.py\", line 48, in get_stats\n    disk = await run_in_executor(shutil.disk_usage, \"/data/recording\")\n           ^^^^^^^^^^^^^^^^^^^^^^^^^^^^^^^^^^^^^^^^^^^^^^^^^^^^^^^^^^^\n  File \"/mnt/data/dev/packages/silvasonic/containers/dashboard/src/silvasonic_dashboard/services/common.py\", line 20, in run_in_executor\n    return await loop.run_in_executor(None, functools.partial(func, *args))\n           ^^^^^^^^^^^^^^^^^^^^^^^^^^^^^^^^^^^^^^^^^^^^^^^^^^^^^^^^^^^^^^^^\n  File \"/home/kyellsen/.local/share/uv/python/cpython-3.11.14-linux-x86_64-gnu/lib/python3.11/concurrent/futures/thread.py\", line 58, in run\n    result = self.fn(*self.args, **self.kwargs)\n             ^^^^^^^^^^^^^^^^^^^^^^^^^^^^^^^^^^\n  File \"/home/kyellsen/.local/share/uv/python/cpython-3.11.14-linux-x86_64-gnu/lib/python3.11/shutil.py\", line 1372, in disk_usage\n    st = os.statvfs(path)\n         ^^^^^^^^^^^^^^^^\nFileNotFoundError: [Errno 2] No such file or directory: '/data/recording'"}
{"event": "Error getting BirdNet Stats: '>' not supported between instances of 'coroutine' and 'int'", "level": "error", "logger": "Dashboard.Services", "timestamp": "2026-01-29T19:00:20.293009Z", "exception": "Traceback (most recent call last):\n  File \"/mnt/data/dev/packages/silvasonic/containers/dashboard/src/silvasonic_dashboard/services/birdnet_stats.py\", line 65, in get_stats\n    if total_count > 0:\n       ^^^^^^^^^^^^^^^\nTypeError: '>' not supported between instances of 'coroutine' and 'int'"}
{"event": "Recorder status error: Error -2 connecting to silvasonic_redis:6379. Name or service not known.", "level": "error", "logger": "Dashboard.Services", "timestamp": "2026-01-29T19:00:27.624820Z"}
{"event": "System metrics error: Error -2 connecting to silvasonic_redis:6379. Name or service not known.", "level": "error", "logger": "Dashboard.Services", "timestamp": "2026-01-29T19:00:31.626285Z", "exception": "Traceback (most recent call last):\n  File \"/mnt/data/dev/packages/silvasonic/.venv/lib/python3.11/site-packages/redis/connection.py\", line 855, in connect_check_health\n    sock = self.retry.call_with_retry(\n           ^^^^^^^^^^^^^^^^^^^^^^^^^^^\n  File \"/mnt/data/dev/packages/silvasonic/.venv/lib/python3.11/site-packages/redis/retry.py\", line 116, in call_with_retry\n    return do()\n           ^^^^\n  File \"/mnt/data/dev/packages/silvasonic/.venv/lib/python3.11/site-packages/redis/connection.py\", line 856, in <lambda>\n    lambda: self._connect(), lambda error: self.disconnect(error)\n            ^^^^^^^^^^^^^^^\n  File \"/mnt/data/dev/packages/silvasonic/.venv/lib/python3.11/site-packages/redis/connection.py\", line 1270, in _connect\n    for res in socket.getaddrinfo(\n               ^^^^^^^^^^^^^^^^^^^\n  File \"/home/kyellsen/.local/share/uv/python/cpython-3.11.14-linux-x86_64-gnu/lib/python3.11/socket.py\", line 974, in getaddrinfo\n    for res in _socket.getaddrinfo(host, port, family, type, proto, flags):\n               ^^^^^^^^^^^^^^^^^^^^^^^^^^^^^^^^^^^^^^^^^^^^^^^^^^^^^^^^^^^\nsocket.gaierror: [Errno -2] Name or service not known\n\nDuring handling of the above exception, another exception occurred:\n\nTraceback (most recent call last):\n  File \"/mnt/data/dev/packages/silvasonic/containers/dashboard/src/silvasonic_dashboard/services/health.py\", line 36, in get_system_metrics\n    content = typing.cast(bytes | None, r.get(\"system:status\"))\n                                        ^^^^^^^^^^^^^^^^^^^^^^\n  File \"/mnt/data/dev/packages/silvasonic/.venv/lib/python3.11/site-packages/redis/commands/core.py\", line 1923, in get\n    return self.execute_command(\"GET\", name, keys=[name])\n           ^^^^^^^^^^^^^^^^^^^^^^^^^^^^^^^^^^^^^^^^^^^^^^\n  File \"/mnt/data/dev/packages/silvasonic/.venv/lib/python3.11/site-packages/redis/client.py\", line 657, in execute_command\n    return self._execute_command(*args, **options)\n           ^^^^^^^^^^^^^^^^^^^^^^^^^^^^^^^^^^^^^^^\n  File \"/mnt/data/dev/packages/silvasonic/.venv/lib/python3.11/site-packages/redis/client.py\", line 663, in _execute_command\n    conn = self.connection or pool.get_connection()\n                              ^^^^^^^^^^^^^^^^^^^^^\n  File \"/mnt/data/dev/packages/silvasonic/.venv/lib/python3.11/site-packages/redis/utils.py\", line 196, in wrapper\n    return func(*args, **kwargs)\n           ^^^^^^^^^^^^^^^^^^^^^\n  File \"/mnt/data/dev/packages/silvasonic/.venv/lib/python3.11/site-packages/redis/connection.py\", line 2603, in get_connection\n    connection.connect()\n  File \"/mnt/data/dev/packages/silvasonic/.venv/lib/python3.11/site-packages/redis/connection.py\", line 846, in connect\n    self.connect_check_health(check_health=True)\n  File \"/mnt/data/dev/packages/silvasonic/.venv/lib/python3.11/site-packages/redis/connection.py\", line 863, in connect_check_health\n    raise ConnectionError(self._error_message(e))\nredis.exceptions.ConnectionError: Error -2 connecting to silvasonic_redis:6379. Name or service not known."}
{"event": "HTTP Request: GET http://testserver/dashboard \"HTTP/1.1 200 OK\"", "level": "info", "logger": "httpx", "timestamp": "2026-01-29T19:00:31.638591Z"}
{"event": "{\"event\": \"DEV MODE: Bypassing authentication via Dev Login button\", \"logger\": \"silvasonic_dashboard.routers.auth\", \"level\": \"warning\", \"timestamp\": \"2026-01-29T19:00:31.666391Z\"}", "level": "warning", "logger": "silvasonic_dashboard.routers.auth", "timestamp": "2026-01-29T19:00:31.666522Z"}
{"event": "HTTP Request: POST http://testserver/auth/dev-login \"HTTP/1.1 302 Found\"", "level": "info", "logger": "httpx", "timestamp": "2026-01-29T19:00:31.667054Z"}
{"event": "Error getting Disk stats: [Errno 2] No such file or directory: '/data/recording'", "level": "error", "logger": "Dashboard.Services", "timestamp": "2026-01-29T19:00:31.669326Z", "exception": "Traceback (most recent call last):\n  File \"/mnt/data/dev/packages/silvasonic/containers/dashboard/src/silvasonic_dashboard/services/system.py\", line 48, in get_stats\n    disk = await run_in_executor(shutil.disk_usage, \"/data/recording\")\n           ^^^^^^^^^^^^^^^^^^^^^^^^^^^^^^^^^^^^^^^^^^^^^^^^^^^^^^^^^^^\n  File \"/mnt/data/dev/packages/silvasonic/containers/dashboard/src/silvasonic_dashboard/services/common.py\", line 20, in run_in_executor\n    return await loop.run_in_executor(None, functools.partial(func, *args))\n           ^^^^^^^^^^^^^^^^^^^^^^^^^^^^^^^^^^^^^^^^^^^^^^^^^^^^^^^^^^^^^^^^\n  File \"/home/kyellsen/.local/share/uv/python/cpython-3.11.14-linux-x86_64-gnu/lib/python3.11/concurrent/futures/thread.py\", line 58, in run\n    result = self.fn(*self.args, **self.kwargs)\n             ^^^^^^^^^^^^^^^^^^^^^^^^^^^^^^^^^^\n  File \"/home/kyellsen/.local/share/uv/python/cpython-3.11.14-linux-x86_64-gnu/lib/python3.11/shutil.py\", line 1372, in disk_usage\n    st = os.statvfs(path)\n         ^^^^^^^^^^^^^^^^\nFileNotFoundError: [Errno 2] No such file or directory: '/data/recording'"}
{"event": "Error getting BirdNet Stats: '>' not supported between instances of 'coroutine' and 'int'", "level": "error", "logger": "Dashboard.Services", "timestamp": "2026-01-29T19:00:31.675878Z", "exception": "Traceback (most recent call last):\n  File \"/mnt/data/dev/packages/silvasonic/containers/dashboard/src/silvasonic_dashboard/services/birdnet_stats.py\", line 65, in get_stats\n    if total_count > 0:\n       ^^^^^^^^^^^^^^^\nTypeError: '>' not supported between instances of 'coroutine' and 'int'"}
{"event": "Recorder status error: Error -2 connecting to silvasonic_redis:6379. Name or service not known.", "level": "error", "logger": "Dashboard.Services", "timestamp": "2026-01-29T19:00:39.124769Z"}
{"event": "System metrics error: Error -2 connecting to silvasonic_redis:6379. Name or service not known.", "level": "error", "logger": "Dashboard.Services", "timestamp": "2026-01-29T19:00:43.125269Z", "exception": "Traceback (most recent call last):\n  File \"/mnt/data/dev/packages/silvasonic/.venv/lib/python3.11/site-packages/redis/connection.py\", line 855, in connect_check_health\n    sock = self.retry.call_with_retry(\n           ^^^^^^^^^^^^^^^^^^^^^^^^^^^\n  File \"/mnt/data/dev/packages/silvasonic/.venv/lib/python3.11/site-packages/redis/retry.py\", line 116, in call_with_retry\n    return do()\n           ^^^^\n  File \"/mnt/data/dev/packages/silvasonic/.venv/lib/python3.11/site-packages/redis/connection.py\", line 856, in <lambda>\n    lambda: self._connect(), lambda error: self.disconnect(error)\n            ^^^^^^^^^^^^^^^\n  File \"/mnt/data/dev/packages/silvasonic/.venv/lib/python3.11/site-packages/redis/connection.py\", line 1270, in _connect\n    for res in socket.getaddrinfo(\n               ^^^^^^^^^^^^^^^^^^^\n  File \"/home/kyellsen/.local/share/uv/python/cpython-3.11.14-linux-x86_64-gnu/lib/python3.11/socket.py\", line 974, in getaddrinfo\n    for res in _socket.getaddrinfo(host, port, family, type, proto, flags):\n               ^^^^^^^^^^^^^^^^^^^^^^^^^^^^^^^^^^^^^^^^^^^^^^^^^^^^^^^^^^^\nsocket.gaierror: [Errno -2] Name or service not known\n\nDuring handling of the above exception, another exception occurred:\n\nTraceback (most recent call last):\n  File \"/mnt/data/dev/packages/silvasonic/containers/dashboard/src/silvasonic_dashboard/services/health.py\", line 36, in get_system_metrics\n    content = typing.cast(bytes | None, r.get(\"system:status\"))\n                                        ^^^^^^^^^^^^^^^^^^^^^^\n  File \"/mnt/data/dev/packages/silvasonic/.venv/lib/python3.11/site-packages/redis/commands/core.py\", line 1923, in get\n    return self.execute_command(\"GET\", name, keys=[name])\n           ^^^^^^^^^^^^^^^^^^^^^^^^^^^^^^^^^^^^^^^^^^^^^^\n  File \"/mnt/data/dev/packages/silvasonic/.venv/lib/python3.11/site-packages/redis/client.py\", line 657, in execute_command\n    return self._execute_command(*args, **options)\n           ^^^^^^^^^^^^^^^^^^^^^^^^^^^^^^^^^^^^^^^\n  File \"/mnt/data/dev/packages/silvasonic/.venv/lib/python3.11/site-packages/redis/client.py\", line 663, in _execute_command\n    conn = self.connection or pool.get_connection()\n                              ^^^^^^^^^^^^^^^^^^^^^\n  File \"/mnt/data/dev/packages/silvasonic/.venv/lib/python3.11/site-packages/redis/utils.py\", line 196, in wrapper\n    return func(*args, **kwargs)\n           ^^^^^^^^^^^^^^^^^^^^^\n  File \"/mnt/data/dev/packages/silvasonic/.venv/lib/python3.11/site-packages/redis/connection.py\", line 2603, in get_connection\n    connection.connect()\n  File \"/mnt/data/dev/packages/silvasonic/.venv/lib/python3.11/site-packages/redis/connection.py\", line 846, in connect\n    self.connect_check_health(check_health=True)\n  File \"/mnt/data/dev/packages/silvasonic/.venv/lib/python3.11/site-packages/redis/connection.py\", line 863, in connect_check_health\n    raise ConnectionError(self._error_message(e))\nredis.exceptions.ConnectionError: Error -2 connecting to silvasonic_redis:6379. Name or service not known."}
{"event": "HTTP Request: GET http://testserver/dashboard \"HTTP/1.1 200 OK\"", "level": "info", "logger": "httpx", "timestamp": "2026-01-29T19:00:43.127424Z"}
{"event": "DEV MODE: Using default password '1234'. Set DASHBOARD_PASSWORD to override.", "level": "warning", "logger": "Dashboard.Auth", "timestamp": "2026-01-29T19:00:43.130119Z"}
{"event": "FIRST RUN SECURITY: Generated Admin Password: 2c18a09b6211d3adfae711d867e1ec6c8ba85b9fc9e8b419db0c925878cdbf02", "level": "critical", "logger": "Dashboard.Auth", "timestamp": "2026-01-29T19:00:43.131069Z"}
{"event": "SAVE THIS PASSWORD! It is stored in /config/secrets/auth_token.txt", "level": "critical", "logger": "Dashboard.Auth", "timestamp": "2026-01-29T19:00:43.131129Z"}
{"event": "PRODUCTION SECURITY ERROR: Password '1234' is not allowed in production!", "level": "critical", "logger": "Dashboard.Auth", "timestamp": "2026-01-29T19:00:43.131578Z"}
{"event": "{\"event\": \"DEV MODE: Bypassing authentication via Dev Login button\", \"logger\": \"silvasonic_dashboard.routers.auth\", \"level\": \"warning\", \"timestamp\": \"2026-01-29T19:00:55.541822Z\"}", "level": "warning", "logger": "silvasonic_dashboard.routers.auth", "timestamp": "2026-01-29T19:00:55.541940Z"}
{"event": "HTTP Request: POST http://testserver/auth/dev-login \"HTTP/1.1 302 Found\"", "level": "info", "logger": "httpx", "timestamp": "2026-01-29T19:00:55.543855Z"}
{"event": "Error getting Disk stats: [Errno 2] No such file or directory: '/data/recording'", "level": "error", "logger": "Dashboard.Services", "timestamp": "2026-01-29T19:00:55.547501Z", "exception": "Traceback (most recent call last):\n  File \"/mnt/data/dev/packages/silvasonic/containers/dashboard/src/silvasonic_dashboard/services/system.py\", line 48, in get_stats\n    disk = await run_in_executor(shutil.disk_usage, \"/data/recording\")\n           ^^^^^^^^^^^^^^^^^^^^^^^^^^^^^^^^^^^^^^^^^^^^^^^^^^^^^^^^^^^\n  File \"/mnt/data/dev/packages/silvasonic/containers/dashboard/src/silvasonic_dashboard/services/common.py\", line 20, in run_in_executor\n    return await loop.run_in_executor(None, functools.partial(func, *args))\n           ^^^^^^^^^^^^^^^^^^^^^^^^^^^^^^^^^^^^^^^^^^^^^^^^^^^^^^^^^^^^^^^^\n  File \"/home/kyellsen/.local/share/uv/python/cpython-3.11.14-linux-x86_64-gnu/lib/python3.11/concurrent/futures/thread.py\", line 58, in run\n    result = self.fn(*self.args, **self.kwargs)\n             ^^^^^^^^^^^^^^^^^^^^^^^^^^^^^^^^^^\n  File \"/home/kyellsen/.local/share/uv/python/cpython-3.11.14-linux-x86_64-gnu/lib/python3.11/shutil.py\", line 1372, in disk_usage\n    st = os.statvfs(path)\n         ^^^^^^^^^^^^^^^^\nFileNotFoundError: [Errno 2] No such file or directory: '/data/recording'"}
{"event": "Error getting BirdNet Stats: '>' not supported between instances of 'coroutine' and 'int'", "level": "error", "logger": "Dashboard.Services", "timestamp": "2026-01-29T19:00:55.553775Z", "exception": "Traceback (most recent call last):\n  File \"/mnt/data/dev/packages/silvasonic/containers/dashboard/src/silvasonic_dashboard/services/birdnet_stats.py\", line 65, in get_stats\n    if total_count > 0:\n       ^^^^^^^^^^^^^^^\nTypeError: '>' not supported between instances of 'coroutine' and 'int'"}
{"event": "Recorder status error: Error -2 connecting to silvasonic_redis:6379. Name or service not known.", "level": "error", "logger": "Dashboard.Services", "timestamp": "2026-01-29T19:01:03.124560Z"}
{"event": "System metrics error: Error -2 connecting to silvasonic_redis:6379. Name or service not known.", "level": "error", "logger": "Dashboard.Services", "timestamp": "2026-01-29T19:01:07.126202Z", "exception": "Traceback (most recent call last):\n  File \"/mnt/data/dev/packages/silvasonic/.venv/lib/python3.11/site-packages/redis/connection.py\", line 855, in connect_check_health\n    sock = self.retry.call_with_retry(\n           ^^^^^^^^^^^^^^^^^^^^^^^^^^^\n  File \"/mnt/data/dev/packages/silvasonic/.venv/lib/python3.11/site-packages/redis/retry.py\", line 116, in call_with_retry\n    return do()\n           ^^^^\n  File \"/mnt/data/dev/packages/silvasonic/.venv/lib/python3.11/site-packages/redis/connection.py\", line 856, in <lambda>\n    lambda: self._connect(), lambda error: self.disconnect(error)\n            ^^^^^^^^^^^^^^^\n  File \"/mnt/data/dev/packages/silvasonic/.venv/lib/python3.11/site-packages/redis/connection.py\", line 1270, in _connect\n    for res in socket.getaddrinfo(\n               ^^^^^^^^^^^^^^^^^^^\n  File \"/home/kyellsen/.local/share/uv/python/cpython-3.11.14-linux-x86_64-gnu/lib/python3.11/socket.py\", line 974, in getaddrinfo\n    for res in _socket.getaddrinfo(host, port, family, type, proto, flags):\n               ^^^^^^^^^^^^^^^^^^^^^^^^^^^^^^^^^^^^^^^^^^^^^^^^^^^^^^^^^^^\nsocket.gaierror: [Errno -2] Name or service not known\n\nDuring handling of the above exception, another exception occurred:\n\nTraceback (most recent call last):\n  File \"/mnt/data/dev/packages/silvasonic/containers/dashboard/src/silvasonic_dashboard/services/health.py\", line 36, in get_system_metrics\n    content = typing.cast(bytes | None, r.get(\"system:status\"))\n                                        ^^^^^^^^^^^^^^^^^^^^^^\n  File \"/mnt/data/dev/packages/silvasonic/.venv/lib/python3.11/site-packages/redis/commands/core.py\", line 1923, in get\n    return self.execute_command(\"GET\", name, keys=[name])\n           ^^^^^^^^^^^^^^^^^^^^^^^^^^^^^^^^^^^^^^^^^^^^^^\n  File \"/mnt/data/dev/packages/silvasonic/.venv/lib/python3.11/site-packages/redis/client.py\", line 657, in execute_command\n    return self._execute_command(*args, **options)\n           ^^^^^^^^^^^^^^^^^^^^^^^^^^^^^^^^^^^^^^^\n  File \"/mnt/data/dev/packages/silvasonic/.venv/lib/python3.11/site-packages/redis/client.py\", line 663, in _execute_command\n    conn = self.connection or pool.get_connection()\n                              ^^^^^^^^^^^^^^^^^^^^^\n  File \"/mnt/data/dev/packages/silvasonic/.venv/lib/python3.11/site-packages/redis/utils.py\", line 196, in wrapper\n    return func(*args, **kwargs)\n           ^^^^^^^^^^^^^^^^^^^^^\n  File \"/mnt/data/dev/packages/silvasonic/.venv/lib/python3.11/site-packages/redis/connection.py\", line 2603, in get_connection\n    connection.connect()\n  File \"/mnt/data/dev/packages/silvasonic/.venv/lib/python3.11/site-packages/redis/connection.py\", line 846, in connect\n    self.connect_check_health(check_health=True)\n  File \"/mnt/data/dev/packages/silvasonic/.venv/lib/python3.11/site-packages/redis/connection.py\", line 863, in connect_check_health\n    raise ConnectionError(self._error_message(e))\nredis.exceptions.ConnectionError: Error -2 connecting to silvasonic_redis:6379. Name or service not known."}
{"event": "HTTP Request: GET http://testserver/dashboard \"HTTP/1.1 200 OK\"", "level": "info", "logger": "httpx", "timestamp": "2026-01-29T19:01:07.138784Z"}
{"event": "{\"event\": \"DEV MODE: Bypassing authentication via Dev Login button\", \"logger\": \"silvasonic_dashboard.routers.auth\", \"level\": \"warning\", \"timestamp\": \"2026-01-29T19:01:07.167893Z\"}", "level": "warning", "logger": "silvasonic_dashboard.routers.auth", "timestamp": "2026-01-29T19:01:07.168008Z"}
{"event": "HTTP Request: POST http://testserver/auth/dev-login \"HTTP/1.1 302 Found\"", "level": "info", "logger": "httpx", "timestamp": "2026-01-29T19:01:07.169292Z"}
{"event": "Error getting Disk stats: [Errno 2] No such file or directory: '/data/recording'", "level": "error", "logger": "Dashboard.Services", "timestamp": "2026-01-29T19:01:07.171286Z", "exception": "Traceback (most recent call last):\n  File \"/mnt/data/dev/packages/silvasonic/containers/dashboard/src/silvasonic_dashboard/services/system.py\", line 48, in get_stats\n    disk = await run_in_executor(shutil.disk_usage, \"/data/recording\")\n           ^^^^^^^^^^^^^^^^^^^^^^^^^^^^^^^^^^^^^^^^^^^^^^^^^^^^^^^^^^^\n  File \"/mnt/data/dev/packages/silvasonic/containers/dashboard/src/silvasonic_dashboard/services/common.py\", line 20, in run_in_executor\n    return await loop.run_in_executor(None, functools.partial(func, *args))\n           ^^^^^^^^^^^^^^^^^^^^^^^^^^^^^^^^^^^^^^^^^^^^^^^^^^^^^^^^^^^^^^^^\n  File \"/home/kyellsen/.local/share/uv/python/cpython-3.11.14-linux-x86_64-gnu/lib/python3.11/concurrent/futures/thread.py\", line 58, in run\n    result = self.fn(*self.args, **self.kwargs)\n             ^^^^^^^^^^^^^^^^^^^^^^^^^^^^^^^^^^\n  File \"/home/kyellsen/.local/share/uv/python/cpython-3.11.14-linux-x86_64-gnu/lib/python3.11/shutil.py\", line 1372, in disk_usage\n    st = os.statvfs(path)\n         ^^^^^^^^^^^^^^^^\nFileNotFoundError: [Errno 2] No such file or directory: '/data/recording'"}
{"event": "Error getting BirdNet Stats: '>' not supported between instances of 'coroutine' and 'int'", "level": "error", "logger": "Dashboard.Services", "timestamp": "2026-01-29T19:01:07.175855Z", "exception": "Traceback (most recent call last):\n  File \"/mnt/data/dev/packages/silvasonic/containers/dashboard/src/silvasonic_dashboard/services/birdnet_stats.py\", line 65, in get_stats\n    if total_count > 0:\n       ^^^^^^^^^^^^^^^\nTypeError: '>' not supported between instances of 'coroutine' and 'int'"}
{"event": "Recorder status error: Error -2 connecting to silvasonic_redis:6379. Name or service not known.", "level": "error", "logger": "Dashboard.Services", "timestamp": "2026-01-29T19:01:15.124567Z"}
{"event": "System metrics error: Error -2 connecting to silvasonic_redis:6379. Name or service not known.", "level": "error", "logger": "Dashboard.Services", "timestamp": "2026-01-29T19:01:19.125200Z", "exception": "Traceback (most recent call last):\n  File \"/mnt/data/dev/packages/silvasonic/.venv/lib/python3.11/site-packages/redis/connection.py\", line 855, in connect_check_health\n    sock = self.retry.call_with_retry(\n           ^^^^^^^^^^^^^^^^^^^^^^^^^^^\n  File \"/mnt/data/dev/packages/silvasonic/.venv/lib/python3.11/site-packages/redis/retry.py\", line 116, in call_with_retry\n    return do()\n           ^^^^\n  File \"/mnt/data/dev/packages/silvasonic/.venv/lib/python3.11/site-packages/redis/connection.py\", line 856, in <lambda>\n    lambda: self._connect(), lambda error: self.disconnect(error)\n            ^^^^^^^^^^^^^^^\n  File \"/mnt/data/dev/packages/silvasonic/.venv/lib/python3.11/site-packages/redis/connection.py\", line 1270, in _connect\n    for res in socket.getaddrinfo(\n               ^^^^^^^^^^^^^^^^^^^\n  File \"/home/kyellsen/.local/share/uv/python/cpython-3.11.14-linux-x86_64-gnu/lib/python3.11/socket.py\", line 974, in getaddrinfo\n    for res in _socket.getaddrinfo(host, port, family, type, proto, flags):\n               ^^^^^^^^^^^^^^^^^^^^^^^^^^^^^^^^^^^^^^^^^^^^^^^^^^^^^^^^^^^\nsocket.gaierror: [Errno -2] Name or service not known\n\nDuring handling of the above exception, another exception occurred:\n\nTraceback (most recent call last):\n  File \"/mnt/data/dev/packages/silvasonic/containers/dashboard/src/silvasonic_dashboard/services/health.py\", line 36, in get_system_metrics\n    content = typing.cast(bytes | None, r.get(\"system:status\"))\n                                        ^^^^^^^^^^^^^^^^^^^^^^\n  File \"/mnt/data/dev/packages/silvasonic/.venv/lib/python3.11/site-packages/redis/commands/core.py\", line 1923, in get\n    return self.execute_command(\"GET\", name, keys=[name])\n           ^^^^^^^^^^^^^^^^^^^^^^^^^^^^^^^^^^^^^^^^^^^^^^\n  File \"/mnt/data/dev/packages/silvasonic/.venv/lib/python3.11/site-packages/redis/client.py\", line 657, in execute_command\n    return self._execute_command(*args, **options)\n           ^^^^^^^^^^^^^^^^^^^^^^^^^^^^^^^^^^^^^^^\n  File \"/mnt/data/dev/packages/silvasonic/.venv/lib/python3.11/site-packages/redis/client.py\", line 663, in _execute_command\n    conn = self.connection or pool.get_connection()\n                              ^^^^^^^^^^^^^^^^^^^^^\n  File \"/mnt/data/dev/packages/silvasonic/.venv/lib/python3.11/site-packages/redis/utils.py\", line 196, in wrapper\n    return func(*args, **kwargs)\n           ^^^^^^^^^^^^^^^^^^^^^\n  File \"/mnt/data/dev/packages/silvasonic/.venv/lib/python3.11/site-packages/redis/connection.py\", line 2603, in get_connection\n    connection.connect()\n  File \"/mnt/data/dev/packages/silvasonic/.venv/lib/python3.11/site-packages/redis/connection.py\", line 846, in connect\n    self.connect_check_health(check_health=True)\n  File \"/mnt/data/dev/packages/silvasonic/.venv/lib/python3.11/site-packages/redis/connection.py\", line 863, in connect_check_health\n    raise ConnectionError(self._error_message(e))\nredis.exceptions.ConnectionError: Error -2 connecting to silvasonic_redis:6379. Name or service not known."}
{"event": "HTTP Request: GET http://testserver/dashboard \"HTTP/1.1 200 OK\"", "level": "info", "logger": "httpx", "timestamp": "2026-01-29T19:01:19.128115Z"}
{"event": "{\"event\": \"DEV MODE: Bypassing authentication via Dev Login button\", \"logger\": \"silvasonic_dashboard.routers.auth\", \"level\": \"warning\", \"timestamp\": \"2026-01-29T19:01:27.831261Z\"}", "level": "warning", "logger": "silvasonic_dashboard.routers.auth", "timestamp": "2026-01-29T19:01:27.831380Z"}
{"event": "HTTP Request: POST http://testserver/auth/dev-login \"HTTP/1.1 302 Found\"", "level": "info", "logger": "httpx", "timestamp": "2026-01-29T19:01:27.832592Z"}
{"event": "Error getting Disk stats: [Errno 2] No such file or directory: '/data/recording'", "level": "error", "logger": "Dashboard.Services", "timestamp": "2026-01-29T19:01:27.835947Z", "exception": "Traceback (most recent call last):\n  File \"/mnt/data/dev/packages/silvasonic/containers/dashboard/src/silvasonic_dashboard/services/system.py\", line 48, in get_stats\n    disk = await run_in_executor(shutil.disk_usage, \"/data/recording\")\n           ^^^^^^^^^^^^^^^^^^^^^^^^^^^^^^^^^^^^^^^^^^^^^^^^^^^^^^^^^^^\n  File \"/mnt/data/dev/packages/silvasonic/containers/dashboard/src/silvasonic_dashboard/services/common.py\", line 20, in run_in_executor\n    return await loop.run_in_executor(None, functools.partial(func, *args))\n           ^^^^^^^^^^^^^^^^^^^^^^^^^^^^^^^^^^^^^^^^^^^^^^^^^^^^^^^^^^^^^^^^\n  File \"/home/kyellsen/.local/share/uv/python/cpython-3.11.14-linux-x86_64-gnu/lib/python3.11/concurrent/futures/thread.py\", line 58, in run\n    result = self.fn(*self.args, **self.kwargs)\n             ^^^^^^^^^^^^^^^^^^^^^^^^^^^^^^^^^^\n  File \"/home/kyellsen/.local/share/uv/python/cpython-3.11.14-linux-x86_64-gnu/lib/python3.11/shutil.py\", line 1372, in disk_usage\n    st = os.statvfs(path)\n         ^^^^^^^^^^^^^^^^\nFileNotFoundError: [Errno 2] No such file or directory: '/data/recording'"}
{"event": "Error getting BirdNet Stats: '>' not supported between instances of 'coroutine' and 'int'", "level": "error", "logger": "Dashboard.Services", "timestamp": "2026-01-29T19:01:27.842978Z", "exception": "Traceback (most recent call last):\n  File \"/mnt/data/dev/packages/silvasonic/containers/dashboard/src/silvasonic_dashboard/services/birdnet_stats.py\", line 65, in get_stats\n    if total_count > 0:\n       ^^^^^^^^^^^^^^^\nTypeError: '>' not supported between instances of 'coroutine' and 'int'"}
{"event": "Recorder status error: Error -2 connecting to silvasonic_redis:6379. Name or service not known.", "level": "error", "logger": "Dashboard.Services", "timestamp": "2026-01-29T19:01:35.374633Z"}
{"event": "System metrics error: Error -2 connecting to silvasonic_redis:6379. Name or service not known.", "level": "error", "logger": "Dashboard.Services", "timestamp": "2026-01-29T19:01:39.376019Z", "exception": "Traceback (most recent call last):\n  File \"/mnt/data/dev/packages/silvasonic/.venv/lib/python3.11/site-packages/redis/connection.py\", line 855, in connect_check_health\n    sock = self.retry.call_with_retry(\n           ^^^^^^^^^^^^^^^^^^^^^^^^^^^\n  File \"/mnt/data/dev/packages/silvasonic/.venv/lib/python3.11/site-packages/redis/retry.py\", line 116, in call_with_retry\n    return do()\n           ^^^^\n  File \"/mnt/data/dev/packages/silvasonic/.venv/lib/python3.11/site-packages/redis/connection.py\", line 856, in <lambda>\n    lambda: self._connect(), lambda error: self.disconnect(error)\n            ^^^^^^^^^^^^^^^\n  File \"/mnt/data/dev/packages/silvasonic/.venv/lib/python3.11/site-packages/redis/connection.py\", line 1270, in _connect\n    for res in socket.getaddrinfo(\n               ^^^^^^^^^^^^^^^^^^^\n  File \"/home/kyellsen/.local/share/uv/python/cpython-3.11.14-linux-x86_64-gnu/lib/python3.11/socket.py\", line 974, in getaddrinfo\n    for res in _socket.getaddrinfo(host, port, family, type, proto, flags):\n               ^^^^^^^^^^^^^^^^^^^^^^^^^^^^^^^^^^^^^^^^^^^^^^^^^^^^^^^^^^^\nsocket.gaierror: [Errno -2] Name or service not known\n\nDuring handling of the above exception, another exception occurred:\n\nTraceback (most recent call last):\n  File \"/mnt/data/dev/packages/silvasonic/containers/dashboard/src/silvasonic_dashboard/services/health.py\", line 36, in get_system_metrics\n    content = typing.cast(bytes | None, r.get(\"system:status\"))\n                                        ^^^^^^^^^^^^^^^^^^^^^^\n  File \"/mnt/data/dev/packages/silvasonic/.venv/lib/python3.11/site-packages/redis/commands/core.py\", line 1923, in get\n    return self.execute_command(\"GET\", name, keys=[name])\n           ^^^^^^^^^^^^^^^^^^^^^^^^^^^^^^^^^^^^^^^^^^^^^^\n  File \"/mnt/data/dev/packages/silvasonic/.venv/lib/python3.11/site-packages/redis/client.py\", line 657, in execute_command\n    return self._execute_command(*args, **options)\n           ^^^^^^^^^^^^^^^^^^^^^^^^^^^^^^^^^^^^^^^\n  File \"/mnt/data/dev/packages/silvasonic/.venv/lib/python3.11/site-packages/redis/client.py\", line 663, in _execute_command\n    conn = self.connection or pool.get_connection()\n                              ^^^^^^^^^^^^^^^^^^^^^\n  File \"/mnt/data/dev/packages/silvasonic/.venv/lib/python3.11/site-packages/redis/utils.py\", line 196, in wrapper\n    return func(*args, **kwargs)\n           ^^^^^^^^^^^^^^^^^^^^^\n  File \"/mnt/data/dev/packages/silvasonic/.venv/lib/python3.11/site-packages/redis/connection.py\", line 2603, in get_connection\n    connection.connect()\n  File \"/mnt/data/dev/packages/silvasonic/.venv/lib/python3.11/site-packages/redis/connection.py\", line 846, in connect\n    self.connect_check_health(check_health=True)\n  File \"/mnt/data/dev/packages/silvasonic/.venv/lib/python3.11/site-packages/redis/connection.py\", line 863, in connect_check_health\n    raise ConnectionError(self._error_message(e))\nredis.exceptions.ConnectionError: Error -2 connecting to silvasonic_redis:6379. Name or service not known."}
{"event": "HTTP Request: GET http://testserver/dashboard \"HTTP/1.1 200 OK\"", "level": "info", "logger": "httpx", "timestamp": "2026-01-29T19:01:39.387814Z"}
{"event": "{\"event\": \"DEV MODE: Bypassing authentication via Dev Login button\", \"logger\": \"silvasonic_dashboard.routers.auth\", \"level\": \"warning\", \"timestamp\": \"2026-01-29T19:01:39.405925Z\"}", "level": "warning", "logger": "silvasonic_dashboard.routers.auth", "timestamp": "2026-01-29T19:01:39.406025Z"}
{"event": "HTTP Request: POST http://testserver/auth/dev-login \"HTTP/1.1 302 Found\"", "level": "info", "logger": "httpx", "timestamp": "2026-01-29T19:01:39.406538Z"}
{"event": "Error getting Disk stats: [Errno 2] No such file or directory: '/data/recording'", "level": "error", "logger": "Dashboard.Services", "timestamp": "2026-01-29T19:01:39.408158Z", "exception": "Traceback (most recent call last):\n  File \"/mnt/data/dev/packages/silvasonic/containers/dashboard/src/silvasonic_dashboard/services/system.py\", line 48, in get_stats\n    disk = await run_in_executor(shutil.disk_usage, \"/data/recording\")\n           ^^^^^^^^^^^^^^^^^^^^^^^^^^^^^^^^^^^^^^^^^^^^^^^^^^^^^^^^^^^\n  File \"/mnt/data/dev/packages/silvasonic/containers/dashboard/src/silvasonic_dashboard/services/common.py\", line 20, in run_in_executor\n    return await loop.run_in_executor(None, functools.partial(func, *args))\n           ^^^^^^^^^^^^^^^^^^^^^^^^^^^^^^^^^^^^^^^^^^^^^^^^^^^^^^^^^^^^^^^^\n  File \"/home/kyellsen/.local/share/uv/python/cpython-3.11.14-linux-x86_64-gnu/lib/python3.11/concurrent/futures/thread.py\", line 58, in run\n    result = self.fn(*self.args, **self.kwargs)\n             ^^^^^^^^^^^^^^^^^^^^^^^^^^^^^^^^^^\n  File \"/home/kyellsen/.local/share/uv/python/cpython-3.11.14-linux-x86_64-gnu/lib/python3.11/shutil.py\", line 1372, in disk_usage\n    st = os.statvfs(path)\n         ^^^^^^^^^^^^^^^^\nFileNotFoundError: [Errno 2] No such file or directory: '/data/recording'"}
{"event": "Error getting BirdNet Stats: '>' not supported between instances of 'coroutine' and 'int'", "level": "error", "logger": "Dashboard.Services", "timestamp": "2026-01-29T19:01:39.411940Z", "exception": "Traceback (most recent call last):\n  File \"/mnt/data/dev/packages/silvasonic/containers/dashboard/src/silvasonic_dashboard/services/birdnet_stats.py\", line 65, in get_stats\n    if total_count > 0:\n       ^^^^^^^^^^^^^^^\nTypeError: '>' not supported between instances of 'coroutine' and 'int'"}
{"event": "Recorder status error: Error -2 connecting to silvasonic_redis:6379. Name or service not known.", "level": "error", "logger": "Dashboard.Services", "timestamp": "2026-01-29T19:01:47.124558Z"}
{"event": "System metrics error: Error -2 connecting to silvasonic_redis:6379. Name or service not known.", "level": "error", "logger": "Dashboard.Services", "timestamp": "2026-01-29T19:01:50.874963Z", "exception": "Traceback (most recent call last):\n  File \"/mnt/data/dev/packages/silvasonic/.venv/lib/python3.11/site-packages/redis/connection.py\", line 855, in connect_check_health\n    sock = self.retry.call_with_retry(\n           ^^^^^^^^^^^^^^^^^^^^^^^^^^^\n  File \"/mnt/data/dev/packages/silvasonic/.venv/lib/python3.11/site-packages/redis/retry.py\", line 116, in call_with_retry\n    return do()\n           ^^^^\n  File \"/mnt/data/dev/packages/silvasonic/.venv/lib/python3.11/site-packages/redis/connection.py\", line 856, in <lambda>\n    lambda: self._connect(), lambda error: self.disconnect(error)\n            ^^^^^^^^^^^^^^^\n  File \"/mnt/data/dev/packages/silvasonic/.venv/lib/python3.11/site-packages/redis/connection.py\", line 1270, in _connect\n    for res in socket.getaddrinfo(\n               ^^^^^^^^^^^^^^^^^^^\n  File \"/home/kyellsen/.local/share/uv/python/cpython-3.11.14-linux-x86_64-gnu/lib/python3.11/socket.py\", line 974, in getaddrinfo\n    for res in _socket.getaddrinfo(host, port, family, type, proto, flags):\n               ^^^^^^^^^^^^^^^^^^^^^^^^^^^^^^^^^^^^^^^^^^^^^^^^^^^^^^^^^^^\nsocket.gaierror: [Errno -2] Name or service not known\n\nDuring handling of the above exception, another exception occurred:\n\nTraceback (most recent call last):\n  File \"/mnt/data/dev/packages/silvasonic/containers/dashboard/src/silvasonic_dashboard/services/health.py\", line 36, in get_system_metrics\n    content = typing.cast(bytes | None, r.get(\"system:status\"))\n                                        ^^^^^^^^^^^^^^^^^^^^^^\n  File \"/mnt/data/dev/packages/silvasonic/.venv/lib/python3.11/site-packages/redis/commands/core.py\", line 1923, in get\n    return self.execute_command(\"GET\", name, keys=[name])\n           ^^^^^^^^^^^^^^^^^^^^^^^^^^^^^^^^^^^^^^^^^^^^^^\n  File \"/mnt/data/dev/packages/silvasonic/.venv/lib/python3.11/site-packages/redis/client.py\", line 657, in execute_command\n    return self._execute_command(*args, **options)\n           ^^^^^^^^^^^^^^^^^^^^^^^^^^^^^^^^^^^^^^^\n  File \"/mnt/data/dev/packages/silvasonic/.venv/lib/python3.11/site-packages/redis/client.py\", line 663, in _execute_command\n    conn = self.connection or pool.get_connection()\n                              ^^^^^^^^^^^^^^^^^^^^^\n  File \"/mnt/data/dev/packages/silvasonic/.venv/lib/python3.11/site-packages/redis/utils.py\", line 196, in wrapper\n    return func(*args, **kwargs)\n           ^^^^^^^^^^^^^^^^^^^^^\n  File \"/mnt/data/dev/packages/silvasonic/.venv/lib/python3.11/site-packages/redis/connection.py\", line 2603, in get_connection\n    connection.connect()\n  File \"/mnt/data/dev/packages/silvasonic/.venv/lib/python3.11/site-packages/redis/connection.py\", line 846, in connect\n    self.connect_check_health(check_health=True)\n  File \"/mnt/data/dev/packages/silvasonic/.venv/lib/python3.11/site-packages/redis/connection.py\", line 863, in connect_check_health\n    raise ConnectionError(self._error_message(e))\nredis.exceptions.ConnectionError: Error -2 connecting to silvasonic_redis:6379. Name or service not known."}
{"event": "HTTP Request: GET http://testserver/dashboard \"HTTP/1.1 200 OK\"", "level": "info", "logger": "httpx", "timestamp": "2026-01-29T19:01:50.877665Z"}
{"event": "{\"event\": \"DEV MODE: Bypassing authentication via Dev Login button\", \"logger\": \"silvasonic_dashboard.routers.auth\", \"level\": \"warning\", \"timestamp\": \"2026-01-29T19:02:42.908811Z\"}", "level": "warning", "logger": "silvasonic_dashboard.routers.auth", "timestamp": "2026-01-29T19:02:42.908950Z"}
{"event": "HTTP Request: POST http://testserver/auth/dev-login \"HTTP/1.1 302 Found\"", "level": "info", "logger": "httpx", "timestamp": "2026-01-29T19:02:42.909754Z"}
{"event": "HTTP Request: POST http://testserver/auth/dev-login \"HTTP/1.1 403 Forbidden\"", "level": "info", "logger": "httpx", "timestamp": "2026-01-29T19:02:42.911954Z"}
{"event": "DEV MODE: Using default password '1234'. Set DASHBOARD_PASSWORD to override.", "level": "warning", "logger": "Dashboard.Auth", "timestamp": "2026-01-29T19:02:42.912572Z"}
{"event": "FIRST RUN SECURITY: Generated Admin Password: 1c6981a2469a8967ca8ba84e9514b3272078294deef0b9f7c8326b9cbe7a03dd", "level": "critical", "logger": "Dashboard.Auth", "timestamp": "2026-01-29T19:02:42.913333Z"}
{"event": "SAVE THIS PASSWORD! It is stored in /config/secrets/auth_token.txt", "level": "critical", "logger": "Dashboard.Auth", "timestamp": "2026-01-29T19:02:42.913378Z"}
{"event": "PRODUCTION SECURITY ERROR: Password '1234' is not allowed in production!", "level": "critical", "logger": "Dashboard.Auth", "timestamp": "2026-01-29T19:02:42.913771Z"}
